



signal 11 received but handler not on signal stack
mp.gsignal stack [0xc00019e000 0xc0001a6000], mp.g0 stack [0x7a26c0daad98 0x7a26c15aa998], sp=0xc000238ea8
fatal error: non-Go code set up signal handler without SA_ONSTACK flag

runtime stack:
runtime.throw({0x11b9778?, 0x0?})
        /usr/local/go/src/runtime/panic.go:1101 +0x48 fp=0xc000238de8 sp=0xc000238db8 pc=0x484c48
runtime.sigNotOnStack(0xb, 0xc000238ea8, 0xc00018c808)
        /usr/local/go/src/runtime/signal_unix.go:1116 +0x145 fp=0xc000238e18 sp=0xc000238de8 pc=0x467145
runtime.adjustSignalStack2(0xb, 0xc000238ea8, 0xc00018c808, 0x0)
        /usr/local/go/src/runtime/signal_unix.go:601 +0x66 fp=0xc000238e40 sp=0xc000238e18 pc=0x466106
runtime.adjustSignalStack(0xb, 0xc00018c808, 0xc000238ed0)
        /usr/local/go/src/runtime/signal_unix.go:588 +0x127 fp=0xc000238ea8 sp=0xc000238e40 pc=0x466087
runtime.sigtrampgo(0xb, 0xc0002391b0, 0xc000239080)
        /usr/local/go/src/runtime/signal_unix.go:480 +0xd5 fp=0xc000238f20 sp=0xc000238ea8 pc=0x465cd5
runtime.sigtramp()
        /usr/local/go/src/runtime/sys_linux_amd64.s:352 +0x46 fp=0xc000238f70 sp=0xc000238f20 pc=0x48dfc6

goroutine 17 gp=0xc0000028c0 m=1 mp=0xc000060008 [syscall, locked to thread]:
runtime.goexit({})
        /usr/local/go/src/runtime/asm_amd64.s:1700 +0x1 fp=0xc00006efe8 sp=0xc00006efe0 pc=0x48c461

goroutine 1 gp=0xc000002380 m=3 mp=0xc000061008 [syscall, locked to thread]:
runtime.cgocall(0x1059a70, 0xc0003b5d68)
        /usr/local/go/src/runtime/cgocall.go:167 +0x4b fp=0xc0003b5d40 sp=0xc0003b5d08 pc=0x481e8b
github.com/wailsapp/wails/v2/internal/frontend/desktop/linux._Cfunc_gtk_main()
        _cgo_gotypes.go:1148 +0x3f fp=0xc0003b5d68 sp=0xc0003b5d40 pc=0xe70a7f
github.com/wailsapp/wails/v2/internal/frontend/desktop/linux.(*Frontend).RunMainLoop(0xc0001558c0)
        /go/pkg/mod/github.com/wailsapp/wails/v2@v2.10.2/internal/frontend/desktop/linux/frontend.go:130 +0x14 fp=0xc0003b5d78 sp=0xc0003b5d68 pc=0xe733d4
github.com/wailsapp/wails/v2/internal/frontend/devserver.(*DevWebServer).RunMainLoop(0xc00020e120)
        <autogenerated>:1 +0x31 fp=0xc0003b5d90 sp=0xc0003b5d78 pc=0xf2e4b1
github.com/wailsapp/wails/v2/internal/app.(*App).Run(0xc000210050)
        /go/pkg/mod/github.com/wailsapp/wails/v2@v2.10.2/internal/app/app_dev.go:33 +0x72 fp=0xc0003b5df8 sp=0xc0003b5d90 pc=0xf39912
github.com/wailsapp/wails/v2/pkg/application.(*Application).Run(0xc0000bbd00)
        /go/pkg/mod/github.com/wailsapp/wails/v2@v2.10.2/pkg/application/application.go:73 +0x18f fp=0xc0003b5e88 sp=0xc0003b5df8 pc=0xf3c88f
github.com/wailsapp/wails/v2.Run(0xc0000de180)
        /go/pkg/mod/github.com/wailsapp/wails/v2@v2.10.2/wails.go:14 +0x2f fp=0xc0003b5ec8 sp=0xc0003b5e88 pc=0xf3ca2f
main.main()
        /app/main.go:25 +0x359 fp=0xc0003b5f78 sp=0xc0003b5ec8 pc=0xf43759
runtime.main()
        /usr/local/go/src/runtime/proc.go:283 +0x247 fp=0xc0003b5fe0 sp=0xc0003b5f78 pc=0x450847
runtime.goexit({})
        /usr/local/go/src/runtime/asm_amd64.s:1700 +0x1 fp=0xc0003b5fe8 sp=0xc0003b5fe0 pc=0x48c461

goroutine 2 gp=0xc000002e00 m=nil [force gc (idle)]:
runtime.gopark(0x11d4d70, 0x17aea70, 0x11, 0xa, 0x1)
        /usr/local/go/src/runtime/proc.go:435 +0xf1 fp=0xc00005af80 sp=0xc00005af50 pc=0x484d91
runtime.goparkunlock(0x17aea70?, 0x0?, 0x0?, 0x0?)
        /usr/local/go/src/runtime/proc.go:441 +0x25 fp=0xc00005afb0 sp=0xc00005af80 pc=0x450ca5
runtime.forcegchelper()
        /usr/local/go/src/runtime/proc.go:348 +0xb5 fp=0xc00005afe0 sp=0xc00005afb0 pc=0x450b95
runtime.goexit({})
        /usr/local/go/src/runtime/asm_amd64.s:1700 +0x1 fp=0xc00005afe8 sp=0xc00005afe0 pc=0x48c461
created by runtime.init.7 in goroutine 1
        /usr/local/go/src/runtime/proc.go:336 +0x1a

goroutine 18 gp=0xc000092380 m=nil [GC sweep wait]:
runtime.gopark(0x11d4d70, 0x17afa60, 0xc, 0x9, 0x1)
        /usr/local/go/src/runtime/proc.go:435 +0xf1 fp=0xc000056758 sp=0xc000056728 pc=0x484d91
runtime.goparkunlock(0x17afa60?, 0x0?, 0x0?, 0x0?)
        /usr/local/go/src/runtime/proc.go:441 +0x25 fp=0xc000056788 sp=0xc000056758 pc=0x450ca5
runtime.bgsweep(0xc0000a0000)
        /usr/local/go/src/runtime/mgcsweep.go:316 +0xe5 fp=0xc0000567c8 sp=0xc000056788 pc=0x439205
runtime.gcenable.gowrap1()
        /usr/local/go/src/runtime/mgc.go:204 +0x25 fp=0xc0000567e0 sp=0xc0000567c8 pc=0x42cbc5
runtime.goexit({})
        /usr/local/go/src/runtime/asm_amd64.s:1700 +0x1 fp=0xc0000567e8 sp=0xc0000567e0 pc=0x48c461
created by runtime.gcenable in goroutine 1
        /usr/local/go/src/runtime/mgc.go:204 +0x66

goroutine 19 gp=0xc000092540 m=nil [GC scavenge wait]:
runtime.gopark(0x11d4d70, 0x17b09a0, 0xd, 0xa, 0x2)
        /usr/local/go/src/runtime/proc.go:435 +0xf1 fp=0xc000056f48 sp=0xc000056f18 pc=0x484d91
runtime.goparkunlock(0x17b09a0?, 0x0?, 0x0?, 0x0?)
        /usr/local/go/src/runtime/proc.go:441 +0x25 fp=0xc000056f78 sp=0xc000056f48 pc=0x450ca5
runtime.(*scavengerState).park(0x17b09a0)
        /usr/local/go/src/runtime/mgcscavenge.go:425 +0x45 fp=0xc000056fa0 sp=0xc000056f78 pc=0x4366e5
runtime.bgscavenge(0xc0000a0000)
        /usr/local/go/src/runtime/mgcscavenge.go:658 +0x65 fp=0xc000056fc8 sp=0xc000056fa0 pc=0x436c65
runtime.gcenable.gowrap2()
        /usr/local/go/src/runtime/mgc.go:205 +0x25 fp=0xc000056fe0 sp=0xc000056fc8 pc=0x42cb65
runtime.goexit({})
        /usr/local/go/src/runtime/asm_amd64.s:1700 +0x1 fp=0xc000056fe8 sp=0xc000056fe0 pc=0x48c461
created by runtime.gcenable in goroutine 1
        /usr/local/go/src/runtime/mgc.go:205 +0xa5

goroutine 20 gp=0xc000092a80 m=nil [finalizer wait]:
runtime.gopark(0x11d4ab8, 0x17d2928, 0x10, 0xa, 0x1)
        /usr/local/go/src/runtime/proc.go:435 +0xf1 fp=0xc00005a630 sp=0xc00005a600 pc=0x484d91
runtime.runfinq()
        /usr/local/go/src/runtime/mfinal.go:196 +0x107 fp=0xc00005a7e0 sp=0xc00005a630 pc=0x42bb07
runtime.goexit({})
        /usr/local/go/src/runtime/asm_amd64.s:1700 +0x1 fp=0xc00005a7e8 sp=0xc00005a7e0 pc=0x48c461
created by runtime.createfing in goroutine 1
        /usr/local/go/src/runtime/mfinal.go:166 +0x45

goroutine 21 gp=0xc000092c40 m=nil [chan receive]:
runtime.gopark(0x11d4a58, 0xc0000a8140, 0xe, 0x7, 0x2)
        /usr/local/go/src/runtime/proc.go:435 +0xf1 fp=0xc000057708 sp=0xc0000576d8 pc=0x484d91
runtime.chanrecv(0xc0000a80e0, 0x0, 0x1)
        /usr/local/go/src/runtime/chan.go:664 +0x2ff fp=0xc000057780 sp=0xc000057708 pc=0x41c51f
runtime.chanrecv1(0x0?, 0x0?)
        /usr/local/go/src/runtime/chan.go:506 +0x12 fp=0xc0000577a8 sp=0xc000057780 pc=0x41c1f2
runtime.unique_runtime_registerUniqueMapCleanup.func2(0x11d7098)
        /usr/local/go/src/runtime/mgc.go:1796 +0x25 fp=0xc0000577c8 sp=0xc0000577a8 pc=0x480445
runtime.unique_runtime_registerUniqueMapCleanup.gowrap1()
        /usr/local/go/src/runtime/mgc.go:1799 +0x24 fp=0xc0000577e0 sp=0xc0000577c8 pc=0x42f7e4
runtime.goexit({})
        /usr/local/go/src/runtime/asm_amd64.s:1700 +0x1 fp=0xc0000577e8 sp=0xc0000577e0 pc=0x48c461
created by unique.runtime_registerUniqueMapCleanup in goroutine 1
        /usr/local/go/src/runtime/mgc.go:1794 +0x79

goroutine 22 gp=0xc000092e00 m=nil [select, locked to thread]:
runtime.gopark(0x11d4dd0, 0x0, 0x9, 0x3, 0x1)
        /usr/local/go/src/runtime/proc.go:435 +0xf1 fp=0xc000057df8 sp=0xc000057dc8 pc=0x484d91
runtime.selectgo(0xc000057fa8, 0xc000057f84, 0x0?, 0x0, 0x0?, 0x1)
        /usr/local/go/src/runtime/select.go:351 +0xa8a fp=0xc000057f50 sp=0xc000057df8 pc=0x462e2a
runtime.ensureSigM.func1()
        /usr/local/go/src/runtime/signal_unix.go:1085 +0x105 fp=0xc000057fe0 sp=0xc000057f50 pc=0x47fb25
runtime.goexit({})
        /usr/local/go/src/runtime/asm_amd64.s:1700 +0x1 fp=0xc000057fe8 sp=0xc000057fe0 pc=0x48c461
created by runtime.ensureSigM in goroutine 1
        /usr/local/go/src/runtime/signal_unix.go:1068 +0xc8

goroutine 34 gp=0xc000180000 m=5 mp=0xc000090008 [syscall]:
runtime.notetsleepg(0x17d3fe0, 0xffffffffffffffff)
        /usr/local/go/src/runtime/lock_futex.go:123 +0x29 fp=0xc000186790 sp=0xc000186768 pc=0x4224c9
os/signal.signal_recv()
        /usr/local/go/src/runtime/sigqueue.go:152 +0x29 fp=0xc0001867b0 sp=0xc000186790 pc=0x486f89
os/signal.loop()
        /usr/local/go/src/os/signal/signal_unix.go:23 +0x17 fp=0xc0001867e0 sp=0xc0001867b0 pc=0x95aa17
runtime.goexit({})
        /usr/local/go/src/runtime/asm_amd64.s:1700 +0x1 fp=0xc0001867e8 sp=0xc0001867e0 pc=0x48c461
created by os/signal.Notify.func1.1 in goroutine 1
        /usr/local/go/src/os/signal/signal.go:152 +0x26

goroutine 23 gp=0xc000092fc0 m=nil [chan receive]:
runtime.gopark(0x11d4a58, 0xc00015eb50, 0xe, 0x7, 0x2)
        /usr/local/go/src/runtime/proc.go:435 +0xf1 fp=0xc000058718 sp=0xc0000586e8 pc=0x484d91
runtime.chanrecv(0xc00015eaf0, 0x0, 0x1)
        /usr/local/go/src/runtime/chan.go:664 +0x2ff fp=0xc000058790 sp=0xc000058718 pc=0x41c51f
runtime.chanrecv1(0x0?, 0x0?)
        /usr/local/go/src/runtime/chan.go:506 +0x12 fp=0xc0000587b8 sp=0xc000058790 pc=0x41c1f2
main.setupSignalHandling.func1()
        /app/main.go:54 +0x1e fp=0xc0000587e0 sp=0xc0000587b8 pc=0xf439de
runtime.goexit({})
        /usr/local/go/src/runtime/asm_amd64.s:1700 +0x1 fp=0xc0000587e8 sp=0xc0000587e0 pc=0x48c461
created by main.setupSignalHandling in goroutine 1
        /app/main.go:53 +0x1ad

goroutine 24 gp=0xc000093180 m=nil [select]:
runtime.gopark(0x11d4dd0, 0x0, 0x9, 0x3, 0x1)
        /usr/local/go/src/runtime/proc.go:435 +0xf1 fp=0xc000058db0 sp=0xc000058d80 pc=0x484d91
runtime.selectgo(0xc000058f60, 0xc000058f40, 0x0?, 0x0, 0x0?, 0x1)
        /usr/local/go/src/runtime/select.go:351 +0xa8a fp=0xc000058f08 sp=0xc000058db0 pc=0x462e2a
database/sql.(*DB).connectionOpener(0xc0001669c0, {0x122a430, 0xc000140500})
        /usr/local/go/src/database/sql/sql.go:1261 +0xbe fp=0xc000058fa0 sp=0xc000058f08 pc=0x5fd59e
database/sql.OpenDB.gowrap1()
        /usr/local/go/src/database/sql/sql.go:841 +0x3c fp=0xc000058fe0 sp=0xc000058fa0 pc=0x5fa9fc
runtime.goexit({})
        /usr/local/go/src/runtime/asm_amd64.s:1700 +0x1 fp=0xc000058fe8 sp=0xc000058fe0 pc=0x48c461
created by database/sql.OpenDB in goroutine 1
        /usr/local/go/src/database/sql/sql.go:841 +0x305

goroutine 25 gp=0xc000093340 m=nil [select]:
runtime.gopark(0x11d4dd0, 0x0, 0x9, 0x3, 0x1)
        /usr/local/go/src/runtime/proc.go:435 +0xf1 fp=0xc0000595b0 sp=0xc000059580 pc=0x484d91
runtime.selectgo(0xc000059760, 0xc000059740, 0x0?, 0x0, 0x0?, 0x1)
        /usr/local/go/src/runtime/select.go:351 +0xa8a fp=0xc000059708 sp=0xc0000595b0 pc=0x462e2a
database/sql.(*DB).connectionOpener(0xc000166c30, {0x122a430, 0xc000140550})
        /usr/local/go/src/database/sql/sql.go:1261 +0xbe fp=0xc0000597a0 sp=0xc000059708 pc=0x5fd59e
database/sql.OpenDB.gowrap1()
        /usr/local/go/src/database/sql/sql.go:841 +0x3c fp=0xc0000597e0 sp=0xc0000597a0 pc=0x5fa9fc
runtime.goexit({})
        /usr/local/go/src/runtime/asm_amd64.s:1700 +0x1 fp=0xc0000597e8 sp=0xc0000597e0 pc=0x48c461
created by database/sql.OpenDB in goroutine 1
        /usr/local/go/src/database/sql/sql.go:841 +0x305

goroutine 50 gp=0xc000178380 m=nil [chan receive]:
runtime.gopark(0x11d4a58, 0xc00015eae0, 0xe, 0x7, 0x2)
        /usr/local/go/src/runtime/proc.go:435 +0xf1 fp=0xc0001826c0 sp=0xc000182690 pc=0x484d91
runtime.chanrecv(0xc00015ea80, 0xc000182798, 0x1)
        /usr/local/go/src/runtime/chan.go:664 +0x2ff fp=0xc000182738 sp=0xc0001826c0 pc=0x41c51f
runtime.chanrecv2(0xc000320460?, 0x122b6b8?)
        /usr/local/go/src/runtime/chan.go:511 +0x12 fp=0xc000182760 sp=0xc000182738 pc=0x41c212
github.com/wailsapp/wails/v2/internal/frontend/desktop/linux.(*Frontend).startRequestProcessor(0xc0001558c0)
        /go/pkg/mod/github.com/wailsapp/wails/v2@v2.10.2/internal/frontend/desktop/linux/frontend.go:521 +0x36 fp=0xc0001827c0 sp=0xc000182760 pc=0xe769d6
github.com/wailsapp/wails/v2/internal/frontend/desktop/linux.NewFrontend.gowrap1()
        /go/pkg/mod/github.com/wailsapp/wails/v2@v2.10.2/internal/frontend/desktop/linux/frontend.go:183 +0x25 fp=0xc0001827e0 sp=0xc0001827c0 pc=0xe74325
runtime.goexit({})
        /usr/local/go/src/runtime/asm_amd64.s:1700 +0x1 fp=0xc0001827e8 sp=0xc0001827e0 pc=0x48c461
created by github.com/wailsapp/wails/v2/internal/frontend/desktop/linux.NewFrontend in goroutine 1
        /go/pkg/mod/github.com/wailsapp/wails/v2@v2.10.2/internal/frontend/desktop/linux/frontend.go:183 +0x9f9

goroutine 51 gp=0xc000178540 m=nil [chan receive]:
runtime.gopark(0x11d4a58, 0xc00015ea70, 0xe, 0x7, 0x2)
        /usr/local/go/src/runtime/proc.go:435 +0xf1 fp=0xc0001a6ec8 sp=0xc0001a6e98 pc=0x484d91
runtime.chanrecv(0xc00015ea10, 0xc0001a6f98, 0x1)
        /usr/local/go/src/runtime/chan.go:664 +0x2ff fp=0xc0001a6f40 sp=0xc0001a6ec8 pc=0x41c51f
runtime.chanrecv2(0xc0001558c0?, 0xc0003a4000?)
        /usr/local/go/src/runtime/chan.go:511 +0x12 fp=0xc0001a6f68 sp=0xc0001a6f40 pc=0x41c212
github.com/wailsapp/wails/v2/internal/frontend/desktop/linux.(*Frontend).startMessageProcessor(0xc0001558c0)
        /go/pkg/mod/github.com/wailsapp/wails/v2@v2.10.2/internal/frontend/desktop/linux/frontend.go:214 +0x36 fp=0xc0001a6fc0 sp=0xc0001a6f68 pc=0xe74396
github.com/wailsapp/wails/v2/internal/frontend/desktop/linux.NewFrontend.gowrap2()
        /go/pkg/mod/github.com/wailsapp/wails/v2@v2.10.2/internal/frontend/desktop/linux/frontend.go:186 +0x25 fp=0xc0001a6fe0 sp=0xc0001a6fc0 pc=0xe742c5
runtime.goexit({})
        /usr/local/go/src/runtime/asm_amd64.s:1700 +0x1 fp=0xc0001a6fe8 sp=0xc0001a6fe0 pc=0x48c461
created by github.com/wailsapp/wails/v2/internal/frontend/desktop/linux.NewFrontend in goroutine 1
        /go/pkg/mod/github.com/wailsapp/wails/v2@v2.10.2/internal/frontend/desktop/linux/frontend.go:186 +0xa69

goroutine 3 gp=0xc000003a40 m=nil [chan receive]:
runtime.gopark(0x11d4a58, 0xc00015ea00, 0xe, 0x7, 0x2)
        /usr/local/go/src/runtime/proc.go:435 +0xf1 fp=0xc00005b688 sp=0xc00005b658 pc=0x484d91
runtime.chanrecv(0xc00015e9a0, 0xc00005b780, 0x1)
        /usr/local/go/src/runtime/chan.go:664 +0x2ff fp=0xc00005b700 sp=0xc00005b688 pc=0x41c51f
runtime.chanrecv2(0x0?, 0x0?)
        /usr/local/go/src/runtime/chan.go:511 +0x12 fp=0xc00005b728 sp=0xc00005b700 pc=0x41c212
github.com/wailsapp/wails/v2/internal/frontend/desktop/linux.(*Frontend).startSecondInstanceProcessor(0xc0001558c0)
        /go/pkg/mod/github.com/wailsapp/wails/v2@v2.10.2/internal/frontend/desktop/linux/frontend.go:532 +0x57 fp=0xc00005b7c0 sp=0xc00005b728 pc=0xe76af7
github.com/wailsapp/wails/v2/internal/frontend/desktop/linux.NewFrontend.gowrap3()
        /go/pkg/mod/github.com/wailsapp/wails/v2@v2.10.2/internal/frontend/desktop/linux/frontend.go:208 +0x25 fp=0xc00005b7e0 sp=0xc00005b7c0 pc=0xe741e5
runtime.goexit({})
        /usr/local/go/src/runtime/asm_amd64.s:1700 +0x1 fp=0xc00005b7e8 sp=0xc00005b7e0 pc=0x48c461
created by github.com/wailsapp/wails/v2/internal/frontend/desktop/linux.NewFrontend in goroutine 1
        /go/pkg/mod/github.com/wailsapp/wails/v2@v2.10.2/internal/frontend/desktop/linux/frontend.go:208 +0xcf3

goroutine 4 gp=0xc000003c00 m=nil [chan receive]:
runtime.gopark(0x11d4a58, 0xc0000c0060, 0xe, 0x7, 0x2)
        /usr/local/go/src/runtime/proc.go:435 +0xf1 fp=0xc00005bef0 sp=0xc00005bec0 pc=0x484d91
runtime.chanrecv(0xc0000c0000, 0x0, 0x1)
        /usr/local/go/src/runtime/chan.go:664 +0x2ff fp=0xc00005bf68 sp=0xc00005bef0 pc=0x41c51f
runtime.chanrecv1(0x0?, 0x0?)
        /usr/local/go/src/runtime/chan.go:506 +0x12 fp=0xc00005bf90 sp=0xc00005bf68 pc=0x41c1f2
github.com/wailsapp/wails/v2/internal/signal.Start.func1()
        /go/pkg/mod/github.com/wailsapp/wails/v2@v2.10.2/internal/signal/signal.go:31 +0x25 fp=0xc00005bfe0 sp=0xc00005bf90 pc=0xf3c425
runtime.goexit({})
        /usr/local/go/src/runtime/asm_amd64.s:1700 +0x1 fp=0xc00005bfe8 sp=0xc00005bfe0 pc=0x48c461
created by github.com/wailsapp/wails/v2/internal/signal.Start in goroutine 1
        /go/pkg/mod/github.com/wailsapp/wails/v2@v2.10.2/internal/signal/signal.go:30 +0x115

goroutine 5 gp=0xc000003dc0 m=nil [IO wait]:
runtime.gopark(0x11d4d50, 0x7a277449a890, 0x2, 0x2, 0x5)
        /usr/local/go/src/runtime/proc.go:435 +0xf1 fp=0xc0002973c8 sp=0xc000297398 pc=0x484d91
runtime.netpollblock(0x7a277449a870, 0x72, 0x0)
        /usr/local/go/src/runtime/netpoll.go:575 +0xbe fp=0xc000297400 sp=0xc0002973c8 pc=0x448dbe
internal/poll.runtime_pollWait(0x7a277449a870, 0x72)
        /usr/local/go/src/runtime/netpoll.go:351 +0x3c fp=0xc000297420 sp=0xc000297400 pc=0x48413c
internal/poll.(*pollDesc).wait(0xc00014af20, 0x72, 0x0)
        /usr/local/go/src/internal/poll/fd_poll_runtime.go:84 +0x7a fp=0xc000297470 sp=0xc000297420 pc=0x570e5a
internal/poll.(*pollDesc).waitRead(0xc00014af20, 0x0)
        /usr/local/go/src/internal/poll/fd_poll_runtime.go:89 +0x31 fp=0xc0002974b8 sp=0xc000297470 pc=0x570ef1
internal/poll.(*FD).Accept(0xc00014af00)
        /usr/local/go/src/internal/poll/fd_unix.go:620 +0x525 fp=0xc000297728 sp=0xc0002974b8 pc=0x5785c5
net.(*netFD).accept(0xc00014af00)
        /usr/local/go/src/net/fd_unix.go:172 +0x69 fp=0xc0002978c0 sp=0xc000297728 pc=0x6f2289
net.(*TCPListener).accept(0xc0000a5600)
        /usr/local/go/src/net/tcpsock_posix.go:159 +0x65 fp=0xc0002979a8 sp=0xc0002978c0 pc=0x7190c5
net.(*TCPListener).AcceptTCP(0xc0000a5600)
        /usr/local/go/src/net/tcpsock.go:367 +0x67 fp=0xc000297a40 sp=0xc0002979a8 pc=0x716c07
github.com/labstack/echo/v4.tcpKeepAliveListener.Accept({0xc0000a5600})
        /go/pkg/mod/github.com/labstack/echo/v4@v4.13.4/echo.go:988 +0x45 fp=0xc000297ac8 sp=0xc000297a40 pc=0xf1d285
github.com/labstack/echo/v4.(*tcpKeepAliveListener).Accept(0xc0000b4820)
        <autogenerated>:1 +0x68 fp=0xc000297b48 sp=0xc000297ac8 pc=0xf284a8
net/http.(*onceCloseListener).Accept(0xc0002d2a20)
        <autogenerated>:1 +0x52 fp=0xc000297bc0 sp=0xc000297b48 pc=0x943b12
net/http.(*Server).Serve(0xc00020a100, {0x122a1b0, 0xc0000b4820})
        /usr/local/go/src/net/http/server.go:3424 +0x50b fp=0xc000297ea0 sp=0xc000297bc0 pc=0x9055cb
github.com/labstack/echo/v4.(*Echo).Start(0xc000218008, {0xc00002c00a, 0xf})
        /go/pkg/mod/github.com/labstack/echo/v4@v4.13.4/echo.go:685 +0x159 fp=0xc000297f30 sp=0xc000297ea0 pc=0xf19f39
github.com/wailsapp/wails/v2/internal/frontend/devserver.(*DevWebServer).Run.func3(0xc000218008, 0xc0001047e0)
        /go/pkg/mod/github.com/wailsapp/wails/v2@v2.10.2/internal/frontend/devserver/devserver.go:123 +0x4e fp=0xc000297fa8 sp=0xc000297f30 pc=0xf2a2ee
github.com/wailsapp/wails/v2/internal/frontend/devserver.(*DevWebServer).Run.gowrap1()
        /go/pkg/mod/github.com/wailsapp/wails/v2@v2.10.2/internal/frontend/devserver/devserver.go:128 +0x42 fp=0xc000297fe0 sp=0xc000297fa8 pc=0xf2a262
runtime.goexit({})
        /usr/local/go/src/runtime/asm_amd64.s:1700 +0x1 fp=0xc000297fe8 sp=0xc000297fe0 pc=0x48c461
created by github.com/wailsapp/wails/v2/internal/frontend/devserver.(*DevWebServer).Run in goroutine 1
        /go/pkg/mod/github.com/wailsapp/wails/v2@v2.10.2/internal/frontend/devserver/devserver.go:122 +0xec5

goroutine 186 gp=0xc000093880 m=nil [chan receive]:
runtime.gopark(0x11d4a58, 0xc000626fb0, 0xe, 0x7, 0x2)
        /usr/local/go/src/runtime/proc.go:435 +0xf1 fp=0xc0003b0900 sp=0xc0003b08d0 pc=0x484d91
runtime.chanrecv(0xc000626f50, 0x0, 0x1)
        /usr/local/go/src/runtime/chan.go:664 +0x2ff fp=0xc0003b0978 sp=0xc0003b0900 pc=0x41c51f
runtime.chanrecv1(0x169ec30?, 0x10fba80?)
        /usr/local/go/src/runtime/chan.go:506 +0x12 fp=0xc0003b09a0 sp=0xc0003b0978 pc=0x41c1f2
net/http/httputil.(*ReverseProxy).handleUpgradeResponse(0xc0002100a0, {0x122a0f0, 0xc00019a840}, 0xc000329040, 0xc000316a20)
        /usr/local/go/src/net/http/httputil/reverseproxy.go:796 +0xedb fp=0xc0003b0e28 sp=0xc0003b09a0 pc=0xd5c9db
net/http/httputil.(*ReverseProxy).ServeHTTP(0xc0002100a0, {0x122a0f0, 0xc00019a840}, 0xc000328dc0)
        /usr/local/go/src/net/http/httputil/reverseproxy.go:495 +0x1189 fp=0xc0003b1450 sp=0xc0003b0e28 pc=0xd59249
github.com/wailsapp/wails/v2/internal/frontend/devserver.(*DevWebServer).Run.func2({0x122f148, 0xc00067a140})
        /go/pkg/mod/github.com/wailsapp/wails/v2@v2.10.2/internal/frontend/devserver/devserver.go:113 +0xd4 fp=0xc0003b14c8 sp=0xc0003b1450 pc=0xf2a454
github.com/labstack/echo/v4.(*Echo).add.func1({0x122f148, 0xc00067a140})
        /go/pkg/mod/github.com/labstack/echo/v4@v4.13.4/echo.go:581 +0x85 fp=0xc0003b1540 sp=0xc0003b14c8 pc=0xf18fc5
github.com/labstack/echo/v4.(*Echo).ServeHTTP(0xc000218008, {0x1229bb0, 0xc0001460e0}, 0xc000328dc0)
        /go/pkg/mod/github.com/labstack/echo/v4@v4.13.4/echo.go:668 +0x295 fp=0xc0003b1640 sp=0xc0003b1540 pc=0xf19b75
net/http.serverHandler.ServeHTTP({0xc00020a100}, {0x1229bb0, 0xc0001460e0}, 0xc000328dc0)
        /usr/local/go/src/net/http/server.go:3301 +0x257 fp=0xc0003b1688 sp=0xc0003b1640 pc=0x930a37
net/http.(*conn).serve(0xc00064a510, {0x122a430, 0xc000442500})
        /usr/local/go/src/net/http/server.go:2102 +0x1b75 fp=0xc0003b1fa0 sp=0xc0003b1688 pc=0x8fe555
net/http.(*Server).Serve.gowrap3()
        /usr/local/go/src/net/http/server.go:3454 +0x3c fp=0xc0003b1fe0 sp=0xc0003b1fa0 pc=0x905bfc
runtime.goexit({})
        /usr/local/go/src/runtime/asm_amd64.s:1700 +0x1 fp=0xc0003b1fe8 sp=0xc0003b1fe0 pc=0x48c461
created by net/http.(*Server).Serve in goroutine 5
        /usr/local/go/src/net/http/server.go:3454 +0xa9a

goroutine 246 gp=0xc000178c40 m=nil [select]:
runtime.gopark(0x11d4dd0, 0x0, 0x9, 0x3, 0x1)
        /usr/local/go/src/runtime/proc.go:435 +0xf1 fp=0xc000293ca8 sp=0xc000293c78 pc=0x484d91
runtime.selectgo(0xc000293f18, 0xc000293e38, 0xc0000a4340?, 0x0, 0xc0002d2f30?, 0x1)
        /usr/local/go/src/runtime/select.go:351 +0xa8a fp=0xc000293e00 sp=0xc000293ca8 pc=0x462e2a
net/http.(*persistConn).writeLoop(0xc000102d80)
        /usr/local/go/src/net/http/transport.go:2590 +0x17a fp=0xc000293fc0 sp=0xc000293e00 pc=0x92b13a
net/http.(*Transport).dialConn.gowrap3()
        /usr/local/go/src/net/http/transport.go:1945 +0x25 fp=0xc000293fe0 sp=0xc000293fc0 pc=0x9261a5
runtime.goexit({})
        /usr/local/go/src/runtime/asm_amd64.s:1700 +0x1 fp=0xc000293fe8 sp=0xc000293fe0 pc=0x48c461
created by net/http.(*Transport).dialConn in goroutine 166
        /usr/local/go/src/net/http/transport.go:1945 +0x3385

goroutine 236 gp=0xc000180fc0 m=nil [IO wait]:
runtime.gopark(0x11d4d50, 0x7a277449a0e8, 0x2, 0x2, 0x5)
        /usr/local/go/src/runtime/proc.go:435 +0xf1 fp=0xc000295408 sp=0xc0002953d8 pc=0x484d91
runtime.netpollblock(0x7a277449a0c8, 0x72, 0x0)
        /usr/local/go/src/runtime/netpoll.go:575 +0xbe fp=0xc000295440 sp=0xc000295408 pc=0x448dbe
internal/poll.runtime_pollWait(0x7a277449a0c8, 0x72)
        /usr/local/go/src/runtime/netpoll.go:351 +0x3c fp=0xc000295460 sp=0xc000295440 pc=0x48413c
internal/poll.(*pollDesc).wait(0xc00014a6a0, 0x72, 0x0)
        /usr/local/go/src/internal/poll/fd_poll_runtime.go:84 +0x7a fp=0xc0002954b0 sp=0xc000295460 pc=0x570e5a
internal/poll.(*pollDesc).waitRead(0xc00014a6a0, 0x0)
        /usr/local/go/src/internal/poll/fd_poll_runtime.go:89 +0x31 fp=0xc0002954f8 sp=0xc0002954b0 pc=0x570ef1
internal/poll.(*FD).Read(0xc00014a680, {0xc000512000, 0x8000, 0x8000})
        /usr/local/go/src/internal/poll/fd_unix.go:165 +0x411 fp=0xc000295668 sp=0xc0002954f8 pc=0x572a11
net.(*netFD).Read(0xc00014a680, {0xc000512000, 0x8000, 0x8000})
        /usr/local/go/src/net/fd_posix.go:55 +0x73 fp=0xc0002956f0 sp=0xc000295668 pc=0x6ef0d3
net.(*conn).Read(0xc000314060, {0xc000512000, 0x8000, 0x8000})
        /usr/local/go/src/net/net.go:194 +0xa5 fp=0xc0002957a0 sp=0xc0002956f0 pc=0x707f45
net/http.(*readWriteCloserBody).Read(0xc0006283d8, {0xc000512000, 0x8000, 0x8000})
        /usr/local/go/src/net/http/transport.go:2575 +0x1d5 fp=0xc000295850 sp=0xc0002957a0 pc=0x92aef5
io.copyBuffer({0x1225e80, 0xc0006540d0}, {0x7a27744a2530, 0xc0006283d8}, {0xc000512000, 0x8000, 0x8000})
        /usr/local/go/src/io/io.go:429 +0x45f fp=0xc0002959f0 sp=0xc000295850 pc=0x4f2cbf
io.Copy({0x1225e80, 0xc0006540d0}, {0x7a27744a2530, 0xc0006283d8})
        /usr/local/go/src/io/io.go:388 +0x79 fp=0xc000295a80 sp=0xc0002959f0 pc=0x4f2639
net.genericReadFrom(0xc000314028, {0x7a27744a2530, 0xc0006283d8})
        /usr/local/go/src/net/net.go:767 +0x8a fp=0xc000295b08 sp=0xc000295a80 pc=0x70ad8a
net.(*TCPConn).readFrom(0xc000314028, {0x7a27744a2530, 0xc0006283d8})
        /usr/local/go/src/net/tcpsock_posix.go:54 +0x1d4 fp=0xc000295bf0 sp=0xc000295b08 pc=0x717f54
net.(*TCPConn).ReadFrom(0xc000314028, {0x7a27744a2530, 0xc0006283d8})
        /usr/local/go/src/net/tcpsock.go:165 +0x8b fp=0xc000295c98 sp=0xc000295bf0 pc=0x71550b
io.copyBuffer({0x7a27744a24a0, 0xc000314028}, {0x7a27744a2530, 0xc0006283d8}, {0x0, 0x0, 0x0})
        /usr/local/go/src/io/io.go:415 +0x296 fp=0xc000295e38 sp=0xc000295c98 pc=0x4f2af6
io.Copy({0x7a27744a24a0, 0xc000314028}, {0x7a27744a2530, 0xc0006283d8})
        /usr/local/go/src/io/io.go:388 +0x79 fp=0xc000295ec8 sp=0xc000295e38 pc=0x4f2639
net/http/httputil.switchProtocolCopier.copyFromBackend({{0x7a27744a24e0, 0xc000314028}, {0x7a27744a2508, 0xc0006283d8}}, 0xc000626f50)
        /usr/local/go/src/net/http/httputil/reverseproxy.go:806 +0x108 fp=0xc000295f80 sp=0xc000295ec8 pc=0xd5d168
net/http/httputil.(*ReverseProxy).handleUpgradeResponse.gowrap4()
        /usr/local/go/src/net/http/httputil/reverseproxy.go:795 +0x5d fp=0xc000295fe0 sp=0xc000295f80 pc=0xd5cddd
runtime.goexit({})
        /usr/local/go/src/runtime/asm_amd64.s:1700 +0x1 fp=0xc000295fe8 sp=0xc000295fe0 pc=0x48c461
created by net/http/httputil.(*ReverseProxy).handleUpgradeResponse in goroutine 186
        /usr/local/go/src/net/http/httputil/reverseproxy.go:795 +0xecc

goroutine 132 gp=0xc00060aa80 m=nil [GC worker (idle)]:
runtime.gopark(0x11d4ad0, 0xc000652020, 0x1b, 0xa, 0x0)
        /usr/local/go/src/runtime/proc.go:435 +0xf1 fp=0xc000586730 sp=0xc000586700 pc=0x484d91
runtime.gcBgMarkWorker(0xc0006222a0)
        /usr/local/go/src/runtime/mgc.go:1423 +0xfa fp=0xc0005867c8 sp=0xc000586730 pc=0x42eb7a
runtime.gcBgMarkStartWorkers.gowrap1()
        /usr/local/go/src/runtime/mgc.go:1339 +0x25 fp=0xc0005867e0 sp=0xc0005867c8 pc=0x42ea25
runtime.goexit({})
        /usr/local/go/src/runtime/asm_amd64.s:1700 +0x1 fp=0xc0005867e8 sp=0xc0005867e0 pc=0x48c461
created by runtime.gcBgMarkStartWorkers in goroutine 100
        /usr/local/go/src/runtime/mgc.go:1339 +0x65

goroutine 133 gp=0xc00060ac40 m=nil [GC worker (idle)]:
runtime.gopark(0x11d4ad0, 0xc000652040, 0x1b, 0xa, 0x0)
        /usr/local/go/src/runtime/proc.go:435 +0xf1 fp=0xc000586f30 sp=0xc000586f00 pc=0x484d91
runtime.gcBgMarkWorker(0xc0006222a0)
        /usr/local/go/src/runtime/mgc.go:1423 +0xfa fp=0xc000586fc8 sp=0xc000586f30 pc=0x42eb7a
runtime.gcBgMarkStartWorkers.gowrap1()
        /usr/local/go/src/runtime/mgc.go:1339 +0x25 fp=0xc000586fe0 sp=0xc000586fc8 pc=0x42ea25
runtime.goexit({})
        /usr/local/go/src/runtime/asm_amd64.s:1700 +0x1 fp=0xc000586fe8 sp=0xc000586fe0 pc=0x48c461
created by runtime.gcBgMarkStartWorkers in goroutine 100
        /usr/local/go/src/runtime/mgc.go:1339 +0x65

goroutine 134 gp=0xc00060ae00 m=nil [GC worker (idle)]:
runtime.gopark(0x11d4ad0, 0xc000652060, 0x1b, 0xa, 0x0)
        /usr/local/go/src/runtime/proc.go:435 +0xf1 fp=0xc000587730 sp=0xc000587700 pc=0x484d91
runtime.gcBgMarkWorker(0xc0006222a0)
        /usr/local/go/src/runtime/mgc.go:1423 +0xfa fp=0xc0005877c8 sp=0xc000587730 pc=0x42eb7a
runtime.gcBgMarkStartWorkers.gowrap1()
        /usr/local/go/src/runtime/mgc.go:1339 +0x25 fp=0xc0005877e0 sp=0xc0005877c8 pc=0x42ea25
runtime.goexit({})
        /usr/local/go/src/runtime/asm_amd64.s:1700 +0x1 fp=0xc0005877e8 sp=0xc0005877e0 pc=0x48c461
created by runtime.gcBgMarkStartWorkers in goroutine 100
        /usr/local/go/src/runtime/mgc.go:1339 +0x65

goroutine 135 gp=0xc00060afc0 m=nil [GC worker (idle)]:
runtime.gopark(0x11d4ad0, 0xc000652080, 0x1b, 0xa, 0x0)
        /usr/local/go/src/runtime/proc.go:435 +0xf1 fp=0xc000587f30 sp=0xc000587f00 pc=0x484d91
runtime.gcBgMarkWorker(0xc0006222a0)
        /usr/local/go/src/runtime/mgc.go:1423 +0xfa fp=0xc000587fc8 sp=0xc000587f30 pc=0x42eb7a
runtime.gcBgMarkStartWorkers.gowrap1()
        /usr/local/go/src/runtime/mgc.go:1339 +0x25 fp=0xc000587fe0 sp=0xc000587fc8 pc=0x42ea25
runtime.goexit({})
        /usr/local/go/src/runtime/asm_amd64.s:1700 +0x1 fp=0xc000587fe8 sp=0xc000587fe0 pc=0x48c461
created by runtime.gcBgMarkStartWorkers in goroutine 100
        /usr/local/go/src/runtime/mgc.go:1339 +0x65

goroutine 136 gp=0xc00060b180 m=nil [GC worker (idle)]:
runtime.gopark(0x11d4ad0, 0xc0006520a0, 0x1b, 0xa, 0x0)
        /usr/local/go/src/runtime/proc.go:435 +0xf1 fp=0xc000588730 sp=0xc000588700 pc=0x484d91
runtime.gcBgMarkWorker(0xc0006222a0)
        /usr/local/go/src/runtime/mgc.go:1423 +0xfa fp=0xc0005887c8 sp=0xc000588730 pc=0x42eb7a
runtime.gcBgMarkStartWorkers.gowrap1()
        /usr/local/go/src/runtime/mgc.go:1339 +0x25 fp=0xc0005887e0 sp=0xc0005887c8 pc=0x42ea25
runtime.goexit({})
        /usr/local/go/src/runtime/asm_amd64.s:1700 +0x1 fp=0xc0005887e8 sp=0xc0005887e0 pc=0x48c461
created by runtime.gcBgMarkStartWorkers in goroutine 100
        /usr/local/go/src/runtime/mgc.go:1339 +0x65

goroutine 137 gp=0xc00060b340 m=nil [GC worker (idle)]:
runtime.gopark(0x11d4ad0, 0xc0006520c0, 0x1b, 0xa, 0x0)
        /usr/local/go/src/runtime/proc.go:435 +0xf1 fp=0xc000588f30 sp=0xc000588f00 pc=0x484d91
runtime.gcBgMarkWorker(0xc0006222a0)
        /usr/local/go/src/runtime/mgc.go:1423 +0xfa fp=0xc000588fc8 sp=0xc000588f30 pc=0x42eb7a
runtime.gcBgMarkStartWorkers.gowrap1()
        /usr/local/go/src/runtime/mgc.go:1339 +0x25 fp=0xc000588fe0 sp=0xc000588fc8 pc=0x42ea25
runtime.goexit({})
        /usr/local/go/src/runtime/asm_amd64.s:1700 +0x1 fp=0xc000588fe8 sp=0xc000588fe0 pc=0x48c461
created by runtime.gcBgMarkStartWorkers in goroutine 100
        /usr/local/go/src/runtime/mgc.go:1339 +0x65

goroutine 138 gp=0xc00060b500 m=nil [GC worker (idle)]:
runtime.gopark(0x11d4ad0, 0xc0006520e0, 0x1b, 0xa, 0x0)
        /usr/local/go/src/runtime/proc.go:435 +0xf1 fp=0xc000589730 sp=0xc000589700 pc=0x484d91
runtime.gcBgMarkWorker(0xc0006222a0)
        /usr/local/go/src/runtime/mgc.go:1423 +0xfa fp=0xc0005897c8 sp=0xc000589730 pc=0x42eb7a
runtime.gcBgMarkStartWorkers.gowrap1()
        /usr/local/go/src/runtime/mgc.go:1339 +0x25 fp=0xc0005897e0 sp=0xc0005897c8 pc=0x42ea25
runtime.goexit({})
        /usr/local/go/src/runtime/asm_amd64.s:1700 +0x1 fp=0xc0005897e8 sp=0xc0005897e0 pc=0x48c461
created by runtime.gcBgMarkStartWorkers in goroutine 100
        /usr/local/go/src/runtime/mgc.go:1339 +0x65

goroutine 139 gp=0xc00060b6c0 m=nil [GC worker (idle)]:
runtime.gopark(0x11d4ad0, 0xc000652100, 0x1b, 0xa, 0x0)
        /usr/local/go/src/runtime/proc.go:435 +0xf1 fp=0xc000589f30 sp=0xc000589f00 pc=0x484d91
runtime.gcBgMarkWorker(0xc0006222a0)
        /usr/local/go/src/runtime/mgc.go:1423 +0xfa fp=0xc000589fc8 sp=0xc000589f30 pc=0x42eb7a
runtime.gcBgMarkStartWorkers.gowrap1()
        /usr/local/go/src/runtime/mgc.go:1339 +0x25 fp=0xc000589fe0 sp=0xc000589fc8 pc=0x42ea25
runtime.goexit({})
        /usr/local/go/src/runtime/asm_amd64.s:1700 +0x1 fp=0xc000589fe8 sp=0xc000589fe0 pc=0x48c461
created by runtime.gcBgMarkStartWorkers in goroutine 100
        /usr/local/go/src/runtime/mgc.go:1339 +0x65

goroutine 140 gp=0xc00060b880 m=nil [GC worker (idle)]:
runtime.gopark(0x11d4ad0, 0xc000652120, 0x1b, 0xa, 0x0)
        /usr/local/go/src/runtime/proc.go:435 +0xf1 fp=0xc00065a730 sp=0xc00065a700 pc=0x484d91
runtime.gcBgMarkWorker(0xc0006222a0)
        /usr/local/go/src/runtime/mgc.go:1423 +0xfa fp=0xc00065a7c8 sp=0xc00065a730 pc=0x42eb7a
runtime.gcBgMarkStartWorkers.gowrap1()
        /usr/local/go/src/runtime/mgc.go:1339 +0x25 fp=0xc00065a7e0 sp=0xc00065a7c8 pc=0x42ea25
runtime.goexit({})
        /usr/local/go/src/runtime/asm_amd64.s:1700 +0x1 fp=0xc00065a7e8 sp=0xc00065a7e0 pc=0x48c461
created by runtime.gcBgMarkStartWorkers in goroutine 100
        /usr/local/go/src/runtime/mgc.go:1339 +0x65

goroutine 141 gp=0xc00060ba40 m=nil [GC worker (idle)]:
runtime.gopark(0x11d4ad0, 0xc000652140, 0x1b, 0xa, 0x0)
        /usr/local/go/src/runtime/proc.go:435 +0xf1 fp=0xc00065af30 sp=0xc00065af00 pc=0x484d91
runtime.gcBgMarkWorker(0xc0006222a0)
        /usr/local/go/src/runtime/mgc.go:1423 +0xfa fp=0xc00065afc8 sp=0xc00065af30 pc=0x42eb7a
runtime.gcBgMarkStartWorkers.gowrap1()
        /usr/local/go/src/runtime/mgc.go:1339 +0x25 fp=0xc00065afe0 sp=0xc00065afc8 pc=0x42ea25
runtime.goexit({})
        /usr/local/go/src/runtime/asm_amd64.s:1700 +0x1 fp=0xc00065afe8 sp=0xc00065afe0 pc=0x48c461
created by runtime.gcBgMarkStartWorkers in goroutine 100
        /usr/local/go/src/runtime/mgc.go:1339 +0x65

goroutine 142 gp=0xc00060bc00 m=nil [GC worker (idle)]:
runtime.gopark(0x11d4ad0, 0xc000652160, 0x1b, 0xa, 0x0)
        /usr/local/go/src/runtime/proc.go:435 +0xf1 fp=0xc00065b730 sp=0xc00065b700 pc=0x484d91
runtime.gcBgMarkWorker(0xc0006222a0)
        /usr/local/go/src/runtime/mgc.go:1423 +0xfa fp=0xc00065b7c8 sp=0xc00065b730 pc=0x42eb7a
runtime.gcBgMarkStartWorkers.gowrap1()
        /usr/local/go/src/runtime/mgc.go:1339 +0x25 fp=0xc00065b7e0 sp=0xc00065b7c8 pc=0x42ea25
runtime.goexit({})
        /usr/local/go/src/runtime/asm_amd64.s:1700 +0x1 fp=0xc00065b7e8 sp=0xc00065b7e0 pc=0x48c461
created by runtime.gcBgMarkStartWorkers in goroutine 100
        /usr/local/go/src/runtime/mgc.go:1339 +0x65

goroutine 143 gp=0xc00060bdc0 m=nil [GC worker (idle)]:
runtime.gopark(0x11d4ad0, 0xc000652180, 0x1b, 0xa, 0x0)
        /usr/local/go/src/runtime/proc.go:435 +0xf1 fp=0xc00065bf30 sp=0xc00065bf00 pc=0x484d91
runtime.gcBgMarkWorker(0xc0006222a0)
        /usr/local/go/src/runtime/mgc.go:1423 +0xfa fp=0xc00065bfc8 sp=0xc00065bf30 pc=0x42eb7a
runtime.gcBgMarkStartWorkers.gowrap1()
        /usr/local/go/src/runtime/mgc.go:1339 +0x25 fp=0xc00065bfe0 sp=0xc00065bfc8 pc=0x42ea25
runtime.goexit({})
        /usr/local/go/src/runtime/asm_amd64.s:1700 +0x1 fp=0xc00065bfe8 sp=0xc00065bfe0 pc=0x48c461
created by runtime.gcBgMarkStartWorkers in goroutine 100
        /usr/local/go/src/runtime/mgc.go:1339 +0x65

goroutine 235 gp=0xc000179180 m=nil [IO wait]:
runtime.gopark(0x11d4d50, 0x7a277449a430, 0x2, 0x2, 0x5)
        /usr/local/go/src/runtime/proc.go:435 +0xf1 fp=0xc0002e34f0 sp=0xc0002e34c0 pc=0x484d91
runtime.netpollblock(0x7a277449a410, 0x72, 0x0)
        /usr/local/go/src/runtime/netpoll.go:575 +0xbe fp=0xc0002e3528 sp=0xc0002e34f0 pc=0x448dbe
internal/poll.runtime_pollWait(0x7a277449a410, 0x72)
        /usr/local/go/src/runtime/netpoll.go:351 +0x3c fp=0xc0002e3548 sp=0xc0002e3528 pc=0x48413c
internal/poll.(*pollDesc).wait(0xc00014a420, 0x72, 0x0)
        /usr/local/go/src/internal/poll/fd_poll_runtime.go:84 +0x7a fp=0xc0002e3598 sp=0xc0002e3548 pc=0x570e5a
internal/poll.(*pollDesc).waitRead(0xc00014a420, 0x0)
        /usr/local/go/src/internal/poll/fd_poll_runtime.go:89 +0x31 fp=0xc0002e35e0 sp=0xc0002e3598 pc=0x570ef1
internal/poll.(*FD).Read(0xc00014a400, {0xc000474000, 0x8000, 0x8000})
        /usr/local/go/src/internal/poll/fd_unix.go:165 +0x411 fp=0xc0002e3750 sp=0xc0002e35e0 pc=0x572a11
net.(*netFD).Read(0xc00014a400, {0xc000474000, 0x8000, 0x8000})
        /usr/local/go/src/net/fd_posix.go:55 +0x73 fp=0xc0002e37d8 sp=0xc0002e3750 pc=0x6ef0d3
net.(*conn).Read(0xc000314028, {0xc000474000, 0x8000, 0x8000})
        /usr/local/go/src/net/net.go:194 +0xa5 fp=0xc0002e3888 sp=0xc0002e37d8 pc=0x707f45
io.copyBuffer({0x7a27744a23f0, 0xc0006283d8}, {0x1225e40, 0xc000314068}, {0xc000474000, 0x8000, 0x8000})
        /usr/local/go/src/io/io.go:429 +0x45f fp=0xc0002e3a28 sp=0xc0002e3888 pc=0x4f2cbf
io.Copy({0x7a27744a23f0, 0xc0006283d8}, {0x1225e40, 0xc000314068})
        /usr/local/go/src/io/io.go:388 +0x79 fp=0xc0002e3ab8 sp=0xc0002e3a28 pc=0x4f2639
net.genericWriteTo(0xc000314028, {0x7a27744a23f0, 0xc0006283d8})
        /usr/local/go/src/net/net.go:791 +0x8d fp=0xc0002e3b40 sp=0xc0002e3ab8 pc=0x70aeed
net.(*TCPConn).writeTo(0xc000314028, {0x7a27744a23f0, 0xc0006283d8})
        /usr/local/go/src/net/tcpsock_posix.go:61 +0x113 fp=0xc0002e3bf0 sp=0xc0002e3b40 pc=0x7180f3
net.(*TCPConn).WriteTo(0xc000314028, {0x7a27744a23f0, 0xc0006283d8})
        /usr/local/go/src/net/tcpsock.go:177 +0x8b fp=0xc0002e3c98 sp=0xc0002e3bf0 pc=0x71582b
io.copyBuffer({0x7a27744a23f0, 0xc0006283d8}, {0x1225e20, 0xc000314028}, {0x0, 0x0, 0x0})
        /usr/local/go/src/io/io.go:411 +0x14c fp=0xc0002e3e38 sp=0xc0002e3c98 pc=0x4f29ac
io.Copy({0x7a27744a23f0, 0xc0006283d8}, {0x1225e20, 0xc000314028})
        /usr/local/go/src/io/io.go:388 +0x79 fp=0xc0002e3ec8 sp=0xc0002e3e38 pc=0x4f2639
net/http/httputil.switchProtocolCopier.copyToBackend({{0x7a27744a24e0, 0xc000314028}, {0x7a27744a2508, 0xc0006283d8}}, 0xc000626f50)
        /usr/local/go/src/net/http/httputil/reverseproxy.go:811 +0x108 fp=0xc0002e3f80 sp=0xc0002e3ec8 pc=0xd5d308
net/http/httputil.(*ReverseProxy).handleUpgradeResponse.gowrap3()
        /usr/local/go/src/net/http/httputil/reverseproxy.go:794 +0x5d fp=0xc0002e3fe0 sp=0xc0002e3f80 pc=0xd5ce5d
runtime.goexit({})
        /usr/local/go/src/runtime/asm_amd64.s:1700 +0x1 fp=0xc0002e3fe8 sp=0xc0002e3fe0 pc=0x48c461
created by net/http/httputil.(*ReverseProxy).handleUpgradeResponse in goroutine 186
        /usr/local/go/src/net/http/httputil/reverseproxy.go:794 +0xdb3

goroutine 45 gp=0xc00027f180 m=10 mp=0xc00018c808 [running]:
        goroutine running on other thread; stack unavailable
created by github.com/wailsapp/wails/v2/internal/frontend/desktop/linux.(*Frontend).processMessage in goroutine 51
        /go/pkg/mod/github.com/wailsapp/wails/v2@v2.10.2/internal/frontend/desktop/linux/frontend.go:468 +0xa7b

goroutine 245 gp=0xc00027f6c0 m=nil [IO wait]:
runtime.gopark(0x11d4d50, 0x7a2774499eb8, 0x2, 0x2, 0x5)
        /usr/local/go/src/runtime/proc.go:435 +0xf1 fp=0xc0001b9530 sp=0xc0001b9500 pc=0x484d91
runtime.netpollblock(0x7a2774499e98, 0x72, 0x0)
        /usr/local/go/src/runtime/netpoll.go:575 +0xbe fp=0xc0001b9568 sp=0xc0001b9530 pc=0x448dbe
internal/poll.runtime_pollWait(0x7a2774499e98, 0x72)
        /usr/local/go/src/runtime/netpoll.go:351 +0x3c fp=0xc0001b9588 sp=0xc0001b9568 pc=0x48413c
internal/poll.(*pollDesc).wait(0xc00063a1a0, 0x72, 0x0)
        /usr/local/go/src/internal/poll/fd_poll_runtime.go:84 +0x7a fp=0xc0001b95d8 sp=0xc0001b9588 pc=0x570e5a
internal/poll.(*pollDesc).waitRead(0xc00063a1a0, 0x0)
        /usr/local/go/src/internal/poll/fd_poll_runtime.go:89 +0x31 fp=0xc0001b9620 sp=0xc0001b95d8 pc=0x570ef1
internal/poll.(*FD).Read(0xc00063a180, {0xc0003ba000, 0x1000, 0x1000})
        /usr/local/go/src/internal/poll/fd_unix.go:165 +0x411 fp=0xc0001b9790 sp=0xc0001b9620 pc=0x572a11
net.(*netFD).Read(0xc00063a180, {0xc0003ba000, 0x1000, 0x1000})
        /usr/local/go/src/net/fd_posix.go:55 +0x73 fp=0xc0001b9818 sp=0xc0001b9790 pc=0x6ef0d3
net.(*conn).Read(0xc00005e008, {0xc0003ba000, 0x1000, 0x1000})
        /usr/local/go/src/net/net.go:194 +0xa5 fp=0xc0001b98c8 sp=0xc0001b9818 pc=0x707f45
net/http.(*persistConn).Read(0xc000102d80, {0xc0003ba000, 0x1000, 0x1000})
        /usr/local/go/src/net/http/transport.go:2122 +0x1e2 fp=0xc0001b9988 sp=0xc0001b98c8 pc=0x927642
bufio.(*Reader).fill(0xc000482060)
        /usr/local/go/src/bufio/bufio.go:113 +0x25a fp=0xc0001b9a80 sp=0xc0001b9988 pc=0x81dbda
bufio.(*Reader).Peek(0xc000482060, 0x1)
        /usr/local/go/src/bufio/bufio.go:152 +0x15b fp=0xc0001b9b10 sp=0xc0001b9a80 pc=0x81df9b
net/http.(*persistConn).readLoop(0xc000102d80)
        /usr/local/go/src/net/http/transport.go:2275 +0x2ee fp=0xc0001b9fc0 sp=0xc0001b9b10 pc=0x92854e
net/http.(*Transport).dialConn.gowrap2()
        /usr/local/go/src/net/http/transport.go:1944 +0x25 fp=0xc0001b9fe0 sp=0xc0001b9fc0 pc=0x926205
runtime.goexit({})
        /usr/local/go/src/runtime/asm_amd64.s:1700 +0x1 fp=0xc0001b9fe8 sp=0xc0001b9fe0 pc=0x48c461
created by net/http.(*Transport).dialConn in goroutine 166
        /usr/local/go/src/net/http/transport.go:1944 +0x3310

goroutine 234 gp=0xc00040b340 m=nil [select]:
runtime.gopark(0x11d4dd0, 0x0, 0x9, 0x3, 0x1)
        /usr/local/go/src/runtime/proc.go:435 +0xf1 fp=0xc0002b5dc0 sp=0xc0002b5d90 pc=0x484d91
runtime.selectgo(0xc0002b5f90, 0xc0002b5f50, 0x7a27744a2450?, 0x0, 0x12251a0?, 0x1)
        /usr/local/go/src/runtime/select.go:351 +0xa8a fp=0xc0002b5f18 sp=0xc0002b5dc0 pc=0x462e2a
net/http/httputil.(*ReverseProxy).handleUpgradeResponse.func1()
        /usr/local/go/src/net/http/httputil/reverseproxy.go:766 +0xd6 fp=0xc0002b5fe0 sp=0xc0002b5f18 pc=0xd5d016
runtime.goexit({})
        /usr/local/go/src/runtime/asm_amd64.s:1700 +0x1 fp=0xc0002b5fe8 sp=0xc0002b5fe0 pc=0x48c461
created by net/http/httputil.(*ReverseProxy).handleUpgradeResponse in goroutine 186
        /usr/local/go/src/net/http/httputil/reverseproxy.go:763 +0x50f




